SF:lib/core/util/state_mixin.dart
DA:5,4
DA:6,8
DA:7,4
LF:3
LH:3
end_of_record
SF:lib/core/models/error_prone.dart
DA:12,1
DA:13,4
DA:15,1
DA:16,3
DA:18,25
DA:22,23
DA:34,4
DA:39,12
DA:40,8
DA:46,20
DA:51,2
DA:52,2
DA:54,6
DA:56,2
DA:60,4
DA:71,1
DA:73,2
DA:75,1
DA:76,1
DA:78,0
DA:82,1
DA:86,3
DA:88,0
DA:89,0
DA:91,0
LF:25
LH:21
end_of_record
SF:lib/core/models/sucess.dart
DA:2,20
LF:1
LH:1
end_of_record
SF:lib/core/models/wish_list.dart
DA:11,1
DA:12,1
DA:26,2
LF:3
LH:3
end_of_record
SF:lib/core/models/wish_list.g.dart
DA:9,2
DA:10,1
DA:11,3
DA:12,1
DA:15,1
DA:16,1
DA:17,5
DA:20,2
DA:21,1
DA:22,1
DA:23,1
DA:24,1
DA:25,1
DA:26,1
DA:29,1
DA:30,1
DA:32,1
DA:34,0
DA:38,2
DA:39,2
DA:40,2
DA:41,2
DA:42,2
DA:43,2
LF:24
LH:23
end_of_record
SF:lib/core/repositories/wishes_repository.dart
DA:13,1
DA:15,1
DA:16,3
DA:17,1
DA:20,1
DA:21,1
DA:22,1
DA:23,1
DA:24,1
DA:32,1
DA:33,3
DA:34,1
DA:35,1
DA:38,1
DA:39,1
DA:41,1
DA:48,1
DA:52,3
DA:53,3
DA:54,1
DA:57,1
DA:58,1
DA:60,1
LF:23
LH:23
end_of_record
SF:lib/core/util/app_config.dart
DA:1,1
DA:2,1
DA:3,1
LF:3
LH:3
end_of_record
SF:lib/core/router/auto_route.gr.dart
DA:16,0
DA:20,0
DA:21,0
DA:24,0
DA:25,0
DA:26,0
DA:28,0
DA:30,0
DA:31,0
DA:32,0
DA:33,0
DA:35,0
DA:36,0
DA:37,0
DA:38,0
DA:42,0
DA:43,0
DA:44,0
DA:45,0
DA:46,0
DA:53,0
DA:61,2
DA:62,2
DA:64,2
DA:70,2
DA:76,0
DA:78,0
DA:85,2
DA:89,2
DA:91,2
DA:100,20
DA:111,0
DA:113,0
LF:33
LH:8
end_of_record
SF:lib/features/create_wish/create_wish_page.dart
DA:15,0
DA:22,0
DA:24,0
DA:26,0
DA:27,0
DA:28,0
DA:29,0
DA:30,0
DA:31,0
DA:34,0
DA:35,0
DA:36,0
DA:37,0
DA:38,0
DA:40,0
DA:41,0
DA:42,0
DA:43,0
DA:44,0
DA:45,0
DA:47,0
DA:48,0
DA:49,0
DA:50,0
DA:51,0
DA:58,0
DA:60,0
DA:62,0
DA:63,0
DA:67,0
DA:69,0
DA:70,0
DA:71,0
DA:86,0
DA:90,0
DA:95,0
DA:97,0
DA:98,0
DA:99,0
DA:100,0
DA:102,0
DA:104,0
DA:105,0
DA:106,0
DA:111,0
DA:113,0
DA:114,0
DA:115,0
DA:116,0
DA:117,0
DA:118,0
DA:119,0
DA:120,0
DA:121,0
DA:122,0
DA:128,0
DA:138,0
DA:139,0
DA:140,0
DA:141,0
DA:142,0
DA:143,0
DA:144,0
LF:63
LH:0
end_of_record
SF:lib/features/topics_board/topics_board_page.dart
DA:12,18
DA:14,0
DA:16,0
DA:17,0
DA:18,0
DA:19,0
DA:20,0
DA:21,0
DA:22,0
DA:25,0
DA:26,0
DA:27,0
DA:30,0
DA:31,0
DA:33,0
DA:45,0
DA:48,0
DA:51,0
DA:53,0
DA:54,0
DA:58,0
DA:60,0
DA:61,0
DA:62,0
DA:63,0
DA:64,0
LF:26
LH:1
end_of_record
SF:lib/features/wishes_board/wishes_board_page.dart
DA:12,2
DA:14,1
DA:16,1
DA:17,5
DA:18,1
DA:19,1
DA:20,1
DA:21,1
DA:22,1
DA:23,2
DA:24,0
DA:25,0
DA:28,1
DA:30,1
DA:33,2
DA:35,1
DA:37,0
DA:39,0
DA:53,1
DA:57,1
DA:59,1
DA:61,1
DA:62,1
DA:63,1
DA:64,2
DA:66,1
DA:68,1
DA:69,5
DA:70,1
DA:71,1
DA:72,1
DA:73,4
LF:32
LH:28
end_of_record
SF:lib/core/service_locator/service_locator.config.dart
DA:32,0
DA:34,0
DA:35,0
DA:36,0
DA:37,0
DA:38,0
DA:39,0
DA:40,0
DA:41,0
DA:42,0
DA:43,0
DA:44,0
DA:45,0
DA:46,0
DA:47,0
DA:48,0
DA:49,0
DA:50,0
DA:51,0
DA:52,0
DA:53,0
DA:54,0
DA:55,0
DA:56,0
DA:57,0
DA:58,0
DA:59,0
DA:60,0
DA:61,0
DA:62,0
DA:63,0
DA:64,0
DA:65,0
DA:66,0
DA:67,0
DA:68,0
DA:69,0
DA:70,0
LF:38
LH:0
end_of_record
SF:lib/features/create_wish/cubit/create_wish_cubit.dart
DA:29,1
DA:38,1
DA:40,1
DA:44,1
DA:45,1
DA:46,1
DA:48,2
DA:50,1
DA:51,1
DA:53,2
DA:59,1
DA:63,1
DA:64,1
DA:65,1
DA:67,2
DA:69,1
DA:70,1
DA:72,2
DA:78,1
DA:82,1
DA:83,1
DA:84,2
DA:85,1
DA:86,3
DA:87,2
DA:93,2
DA:94,1
DA:95,2
DA:98,3
DA:100,2
DA:103,1
DA:104,1
DA:105,2
DA:106,2
DA:107,1
DA:108,2
DA:112,1
DA:113,1
DA:114,2
DA:115,2
DA:116,1
DA:122,1
LF:42
LH:42
end_of_record
SF:lib/features/create_wish/repositories/forms_state_repository.dart
DA:15,1
DA:17,2
DA:19,2
DA:21,2
DA:23,1
DA:24,2
DA:27,1
DA:28,1
DA:29,1
DA:34,3
DA:35,3
DA:36,3
DA:37,3
LF:13
LH:13
end_of_record
SF:lib/features/create_wish/use_cases/get_view_model.dart
DA:7,1
DA:8,2
DA:9,2
DA:10,2
DA:11,2
DA:12,2
DA:13,2
LF:7
LH:7
end_of_record
SF:lib/features/create_wish/use_cases/get_wish_topic.dart
DA:8,1
DA:10,4
LF:2
LH:2
end_of_record
SF:lib/features/create_wish/use_cases/init_forms_storage.dart
DA:9,1
DA:11,1
DA:17,2
LF:3
LH:3
end_of_record
SF:lib/features/create_wish/use_cases/is_wish_valid.dart
DA:8,1
DA:10,1
DA:11,2
DA:13,4
LF:4
LH:4
end_of_record
SF:lib/features/create_wish/use_cases/save_wish.dart
DA:11,1
DA:13,1
DA:15,2
DA:16,2
DA:17,2
DA:20,2
DA:21,2
LF:7
LH:7
end_of_record
SF:lib/features/create_wish/use_cases/should_show_save_button.dart
DA:9,1
DA:11,1
DA:12,2
DA:13,1
DA:14,1
DA:15,1
DA:19,1
DA:20,2
DA:21,2
DA:23,3
LF:10
LH:10
end_of_record
SF:lib/features/create_wish/use_cases/update_field.dart
DA:10,1
DA:12,1
DA:16,2
DA:17,3
DA:18,3
DA:19,3
DA:20,3
DA:21,3
DA:22,3
LF:9
LH:9
end_of_record
SF:lib/features/topics_board/cubit/topics_board_cubit.dart
DA:18,1
DA:19,1
DA:21,1
DA:22,1
DA:24,3
DA:26,1
DA:27,1
DA:28,2
DA:30,1
DA:31,1
DA:32,1
DA:40,1
DA:41,1
DA:42,1
DA:46,1
DA:47,2
DA:50,1
DA:51,1
DA:52,1
DA:53,3
DA:58,1
DA:59,1
DA:60,1
DA:61,3
LF:24
LH:24
end_of_record
SF:lib/features/topics_board/use_cases/get_topics.dart
DA:9,0
DA:11,0
DA:12,0
DA:13,0
DA:14,0
DA:15,0
DA:16,0
DA:18,0
DA:19,0
LF:9
LH:0
end_of_record
SF:lib/features/wishes_board/cubit/wishes_board_cubit.dart
DA:19,1
DA:20,1
DA:22,2
DA:23,1
DA:24,1
DA:26,3
DA:28,1
DA:29,1
DA:30,2
DA:32,1
DA:33,1
DA:34,1
DA:43,1
DA:44,1
DA:45,3
DA:46,1
DA:47,1
DA:57,1
DA:58,1
DA:59,3
DA:60,1
LF:21
LH:21
end_of_record
SF:lib/features/wishes_board/use_cases/get_wishes_use_case.dart
DA:10,1
DA:12,1
DA:13,3
DA:14,2
DA:15,2
DA:16,1
DA:17,3
DA:19,1
LF:8
LH:8
end_of_record
SF:lib/core/service_locator/service_locator.dart
DA:7,3
DA:9,0
DA:10,0
DA:14,0
DA:15,0
DA:17,0
DA:18,0
LF:7
LH:1
end_of_record
SF:lib/core/util/common_builders.dart
DA:6,2
DA:15,2
DA:19,1
DA:23,1
DA:24,1
DA:25,1
DA:26,1
DA:34,1
LF:8
LH:8
end_of_record
SF:lib/core/util/common_slivers.dart
DA:7,18
DA:8,1
DA:15,1
DA:19,1
DA:20,1
DA:21,1
DA:22,2
DA:23,1
DA:25,1
DA:27,1
DA:33,1
DA:38,1
DA:39,1
DA:40,1
DA:44,1
LF:15
LH:15
end_of_record
SF:lib/core/widgets/wish_card.dart
DA:6,2
DA:9,2
DA:11,2
DA:13,4
DA:14,6
DA:15,2
DA:18,2
DA:20,2
DA:23,2
DA:24,2
DA:25,2
LF:11
LH:11
end_of_record
SF:lib/features/create_wish/widgets/wish_text_field.dart
DA:12,0
DA:18,0
DA:20,0
DA:21,0
DA:26,0
DA:28,0
DA:29,0
DA:32,0
DA:34,0
DA:35,0
DA:38,0
DA:40,0
DA:42,0
DA:45,0
DA:46,0
DA:48,0
DA:50,0
DA:51,0
DA:52,0
DA:53,0
DA:54,0
DA:55,0
DA:56,0
LF:23
LH:0
end_of_record
